<?xml version="1.0" encoding="UTF-8"?>
<testsuite xmlns:xsi="http://www.w3.org/2001/XMLSchema-instance" xsi:noNamespaceSchemaLocation="https://maven.apache.org/surefire/maven-surefire-plugin/xsd/surefire-test-report-3.0.xsd" version="3.0" name="com.raditha.dedup.refactoring.RefactoringIntegrationTest" time="0.044" tests="4" errors="0" skipped="0" failures="0">
  <properties>
[...]
</properties>
  <testcase name="testEndToEndRefactoring" classname="com.raditha.dedup.refactoring.RefactoringIntegrationTest" time="0.028">
    <system-out><![CDATA[Pre-filtering: 285/435 comparisons filtered (65.5%)
Overlap removal: 117 duplicates removed (kept 3 largest)

=== Refactoring Session Started ===
Mode: BATCH
Clusters to process: 2

Processing cluster #1 (Strategy: EXTRACT_HELPER_METHOD, Confidence: 100%)
  ✓ Refactoring applied
  ✓ Verification passed
Processing cluster #2 (Strategy: EXTRACT_HELPER_METHOD, Confidence: 100%)
  ❌ Validation failed:
     - Method name 'setUserAndName' already exists in class

=== Session Summary ===
Successful: 1
Skipped: 1
Failed: 0
]]></system-out>
  </testcase>
  <testcase name="testUniqueMethodNames" classname="com.raditha.dedup.refactoring.RefactoringIntegrationTest" time="0.005">
    <system-out><![CDATA[Pre-filtering: 0/3 comparisons filtered (0.0%)
Overlap removal: 0 duplicates removed (kept 3 largest)

=== Refactoring Session Started ===
Mode: BATCH
Clusters to process: 2

Processing cluster #1 (Strategy: EXTRACT_HELPER_METHOD, Confidence: 100%)
  ✓ Refactoring applied
  ✓ Verification passed
Processing cluster #2 (Strategy: EXTRACT_HELPER_METHOD, Confidence: 100%)
  ❌ Validation failed:
     - Method name 'load' already exists in class

=== Session Summary ===
Successful: 1
Skipped: 1
Failed: 0
]]></system-out>
  </testcase>
  <testcase name="testRefactoringRollbackOnFailure" classname="com.raditha.dedup.refactoring.RefactoringIntegrationTest" time="0.003">
    <system-out><![CDATA[Pre-filtering: 0/0 comparisons filtered (NaN%)
]]></system-out>
  </testcase>
  <testcase name="testMultipleRefactoringsInSameFile" classname="com.raditha.dedup.refactoring.RefactoringIntegrationTest" time="0.008">
    <system-out><![CDATA[Pre-filtering: 18/28 comparisons filtered (64.3%)
Overlap removal: 6 duplicates removed (kept 2 largest)

=== Refactoring Session Started ===
Mode: BATCH
Clusters to process: 2

Processing cluster #1 (Strategy: EXTRACT_HELPER_METHOD, Confidence: 100%)
  ✓ Refactoring applied
  ✓ Verification passed
Processing cluster #2 (Strategy: EXTRACT_HELPER_METHOD, Confidence: 100%)
  ✓ Refactoring applied
  ✓ Verification passed

=== Session Summary ===
Successful: 2
Skipped: 0
Failed: 0
]]></system-out>
  </testcase>
</testsuite>